<?xml version="1.0" encoding="UTF-8"?>
<!-- Generated by org.testng.reporters.JUnitReportReporter -->
<testsuite skipped="0" hostname="NGBLR-00735" name="Git.Eclipse.Class_A" tests="1" failures="0" timestamp="04 Apr 2019 09:53:57 GMT" time="0.008" errors="0">
  <testcase name="Method_A" time="0.008" classname="Git.Eclipse.Class_A"/>
</testsuite> <!-- Git.Eclipse.Class_A -->
