<?xml version="1.0" encoding="UTF-8"?>
<!-- Generated by org.testng.reporters.JUnitReportReporter -->
<testsuite skipped="0" hostname="NGBLR-00735" name="Git.Eclipse.Class_B" tests="1" failures="0" timestamp="04 Apr 2019 10:11:47 GMT" time="0.002" errors="0">
  <testcase name="Method_B" time="0.002" classname="Git.Eclipse.Class_B"/>
</testsuite> <!-- Git.Eclipse.Class_B -->
